# JRE version: OpenJDK Runtime Environment (8.0_112-b06) (build 1.8.0_112-release-b06)
# Java VM: OpenJDK 64-Bit Server VM (25.112-b06 mixed mode linux-amd64 compressed oops)
Heap:
 PSYoungGen      total 378368K, used 0K [0x00000000e0000000, 0x0000000100000000, 0x0000000100000000)
  eden space 232448K, 0% used [0x00000000e0000000,0x00000000e0000000,0x00000000ee300000)
  from space 145920K, 0% used [0x00000000ee300000,0x00000000ee300000,0x00000000f7180000)
  to   space 140800K, 0% used [0x00000000f7680000,0x00000000f7680000,0x0000000100000000)
 ParOldGen       total 321024K, used 249301K [0x00000000a0000000, 0x00000000b3980000, 0x00000000e0000000)
  object space 321024K, 77% used [0x00000000a0000000,0x00000000af3754d0,0x00000000b3980000)
 Metaspace       used 86221K, capacity 89740K, committed 94896K, reserved 1132544K
  class space    used 11035K, capacity 11605K, committed 12464K, reserved 1048576K
GC Heap History (10 events):
Event: 2584.008 GC heap after
Heap after GC invocations=26 (full 5):
 PSYoungGen      total 296960K, used 17009K [0x00000000e0000000, 0x00000000f9380000, 0x0000000100000000)
  eden space 226816K, 0% used [0x00000000e0000000,0x00000000e0000000,0x00000000edd80000)
  from space 70144K, 24% used [0x00000000ee600000,0x00000000ef69c738,0x00000000f2a80000)
  to   space 93184K, 0% used [0x00000000f3880000,0x00000000f3880000,0x00000000f9380000)
 ParOldGen       total 321024K, used 196781K [0x00000000a0000000, 0x00000000b3980000, 0x00000000e0000000)
  object space 321024K, 61% used [0x00000000a0000000,0x00000000ac02b4f0,0x00000000b3980000)
 Metaspace       used 81789K, capacity 84690K, committed 87088K, reserved 1124352K
  class space    used 10494K, capacity 11002K, committed 11568K, reserved 1048576K
}
Event: 2678.393 GC heap before
{Heap before GC invocations=27 (full 5):
 PSYoungGen      total 296960K, used 243825K [0x00000000e0000000, 0x00000000f9380000, 0x0000000100000000)
  eden space 226816K, 100% used [0x00000000e0000000,0x00000000edd80000,0x00000000edd80000)
  from space 70144K, 24% used [0x00000000ee600000,0x00000000ef69c738,0x00000000f2a80000)
  to   space 93184K, 0% used [0x00000000f3880000,0x00000000f3880000,0x00000000f9380000)
 ParOldGen       total 321024K, used 196781K [0x00000000a0000000, 0x00000000b3980000, 0x00000000e0000000)
  object space 321024K, 61% used [0x00000000a0000000,0x00000000ac02b4f0,0x00000000b3980000)
 Metaspace       used 85348K, capacity 88438K, committed 89904K, reserved 1128448K
  class space    used 10963K, capacity 11482K, committed 11824K, reserved 1048576K
Event: 2678.603 GC heap after
Heap after GC invocations=27 (full 5):
 PSYoungGen      total 311808K, used 72901K [0x00000000e0000000, 0x00000000fb400000, 0x0000000100000000)
  eden space 218624K, 0% used [0x00000000e0000000,0x00000000e0000000,0x00000000ed580000)
  from space 93184K, 78% used [0x00000000f3880000,0x00000000f7fb1510,0x00000000f9380000)
  to   space 101376K, 0% used [0x00000000ed580000,0x00000000ed580000,0x00000000f3880000)
 ParOldGen       total 321024K, used 196957K [0x00000000a0000000, 0x00000000b3980000, 0x00000000e0000000)
  object space 321024K, 61% used [0x00000000a0000000,0x00000000ac0574f0,0x00000000b3980000)
 Metaspace       used 85348K, capacity 88438K, committed 89904K, reserved 1128448K
  class space    used 10963K, capacity 11482K, committed 11824K, reserved 1048576K
}
Event: 2680.477 GC heap before
{Heap before GC invocations=28 (full 5):
 PSYoungGen      total 311808K, used 291525K [0x00000000e0000000, 0x00000000fb400000, 0x0000000100000000)
  eden space 218624K, 100% used [0x00000000e0000000,0x00000000ed580000,0x00000000ed580000)
  from space 93184K, 78% used [0x00000000f3880000,0x00000000f7fb1510,0x00000000f9380000)
  to   space 101376K, 0% used [0x00000000ed580000,0x00000000ed580000,0x00000000f3880000)
 ParOldGen       total 321024K, used 196957K [0x00000000a0000000, 0x00000000b3980000, 0x00000000e0000000)
  object space 321024K, 61% used [0x00000000a0000000,0x00000000ac0574f0,0x00000000b3980000)
 Metaspace       used 89814K, capacity 93020K, committed 94640K, reserved 1132544K
  class space    used 11521K, capacity 12057K, committed 12464K, reserved 1048576K
Event: 2680.629 GC heap after
Heap after GC invocations=28 (full 5):
 PSYoungGen      total 320000K, used 101362K [0x00000000e0000000, 0x0000000100000000, 0x0000000100000000)
  eden space 218624K, 0% used [0x00000000e0000000,0x00000000e0000000,0x00000000ed580000)
  from space 101376K, 99% used [0x00000000ed580000,0x00000000f387c950,0x00000000f3880000)
  to   space 135168K, 0% used [0x00000000f7c00000,0x00000000f7c00000,0x0000000100000000)
 ParOldGen       total 321024K, used 241765K [0x00000000a0000000, 0x00000000b3980000, 0x00000000e0000000)
  object space 321024K, 75% used [0x00000000a0000000,0x00000000aec19440,0x00000000b3980000)
 Metaspace       used 89814K, capacity 93020K, committed 94640K, reserved 1132544K
  class space    used 11521K, capacity 12057K, committed 12464K, reserved 1048576K
}
Event: 2681.514 GC heap before
{Heap before GC invocations=29 (full 5):
 PSYoungGen      total 320000K, used 314309K [0x00000000e0000000, 0x0000000100000000, 0x0000000100000000)
  eden space 218624K, 97% used [0x00000000e0000000,0x00000000ecff4d08,0x00000000ed580000)
  from space 101376K, 99% used [0x00000000ed580000,0x00000000f387c950,0x00000000f3880000)
  to   space 135168K, 0% used [0x00000000f7c00000,0x00000000f7c00000,0x0000000100000000)
 ParOldGen       total 321024K, used 241765K [0x00000000a0000000, 0x00000000b3980000, 0x00000000e0000000)
  object space 321024K, 75% used [0x00000000a0000000,0x00000000aec19440,0x00000000b3980000)
 Metaspace       used 89851K, capacity 93032K, committed 94640K, reserved 1132544K
  class space    used 11522K, capacity 12059K, committed 12464K, reserved 1048576K
Event: 2681.649 GC heap after
Heap after GC invocations=29 (full 5):
 PSYoungGen      total 367616K, used 101881K [0x00000000e0000000, 0x0000000100000000, 0x0000000100000000)
  eden space 232448K, 0% used [0x00000000e0000000,0x00000000e0000000,0x00000000ee300000)
  from space 135168K, 75% used [0x00000000f7c00000,0x00000000fdf7e7e8,0x0000000100000000)
  to   space 145920K, 0% used [0x00000000ee300000,0x00000000ee300000,0x00000000f7180000)
 ParOldGen       total 321024K, used 246013K [0x00000000a0000000, 0x00000000b3980000, 0x00000000e0000000)
  object space 321024K, 76% used [0x00000000a0000000,0x00000000af03f470,0x00000000b3980000)
 Metaspace       used 89851K, capacity 93032K, committed 94640K, reserved 1132544K
  class space    used 11522K, capacity 12059K, committed 12464K, reserved 1048576K
}
Event: 2812.466 GC heap before
{Heap before GC invocations=30 (full 5):
 PSYoungGen      total 367616K, used 334128K [0x00000000e0000000, 0x0000000100000000, 0x0000000100000000)
  eden space 232448K, 99% used [0x00000000e0000000,0x00000000ee2cd9f0,0x00000000ee300000)
  from space 135168K, 75% used [0x00000000f7c00000,0x00000000fdf7e7e8,0x0000000100000000)
  to   space 145920K, 0% used [0x00000000ee300000,0x00000000ee300000,0x00000000f7180000)
 ParOldGen       total 321024K, used 246013K [0x00000000a0000000, 0x00000000b3980000, 0x00000000e0000000)
  object space 321024K, 76% used [0x00000000a0000000,0x00000000af03f470,0x00000000b3980000)
 Metaspace       used 90357K, capacity 93936K, committed 94896K, reserved 1132544K
  class space    used 11587K, capacity 12169K, committed 12464K, reserved 1048576K
Event: 2812.671 GC heap after
Heap after GC invocations=30 (full 5):
 PSYoungGen      total 378368K, used 30748K [0x00000000e0000000, 0x0000000100000000, 0x0000000100000000)
  eden space 232448K, 0% used [0x00000000e0000000,0x00000000e0000000,0x00000000ee300000)
  from space 145920K, 21% used [0x00000000ee300000,0x00000000f0107198,0x00000000f7180000)
  to   space 140800K, 0% used [0x00000000f7680000,0x00000000f7680000,0x0000000100000000)
 ParOldGen       total 321024K, used 302560K [0x00000000a0000000, 0x00000000b3980000, 0x00000000e0000000)
  object space 321024K, 94% used [0x00000000a0000000,0x00000000b2778048,0x00000000b3980000)
 Metaspace       used 90357K, capacity 93936K, committed 94896K, reserved 1132544K
  class space    used 11587K, capacity 12169K, committed 12464K, reserved 1048576K
}
Event: 2812.690 GC heap before
{Heap before GC invocations=31 (full 6):
 PSYoungGen      total 378368K, used 30748K [0x00000000e0000000, 0x0000000100000000, 0x0000000100000000)
  eden space 232448K, 0% used [0x00000000e0000000,0x00000000e0000000,0x00000000ee300000)
  from space 145920K, 21% used [0x00000000ee300000,0x00000000f0107198,0x00000000f7180000)
  to   space 140800K, 0% used [0x00000000f7680000,0x00000000f7680000,0x0000000100000000)
 ParOldGen       total 321024K, used 302560K [0x00000000a0000000, 0x00000000b3980000, 0x00000000e0000000)
  object space 321024K, 94% used [0x00000000a0000000,0x00000000b2778048,0x00000000b3980000)
 Metaspace       used 90357K, capacity 93936K, committed 94896K, reserved 1132544K
  class space    used 11587K, capacity 12169K, committed 12464K, reserved 1048576K

