# JRE version: OpenJDK Runtime Environment (8.0_112-b06) (build 1.8.0_112-release-b06)
# Java VM: OpenJDK 64-Bit Server VM (25.112-b06 mixed mode linux-amd64 compressed oops)
Heap:
 PSYoungGen      total 430080K, used 18916K [0x00000000e0000000, 0x0000000100000000, 0x0000000100000000)
  eden space 361984K, 0% used [0x00000000e0000000,0x00000000e0000000,0x00000000f6180000)
  from space 68096K, 27% used [0x00000000f6180000,0x00000000f73f9240,0x00000000fa400000)
  to   space 87040K, 0% used [0x00000000fab00000,0x00000000fab00000,0x0000000100000000)
 ParOldGen       total 250880K, used 250625K [0x00000000a0000000, 0x00000000af500000, 0x00000000e0000000)
  object space 250880K, 99% used [0x00000000a0000000,0x00000000af4c0678,0x00000000af500000)
 Metaspace       used 82441K, capacity 85226K, committed 85784K, reserved 1124352K
  class space    used 10627K, capacity 11140K, committed 11312K, reserved 1048576K
GC Heap History (10 events):
Event: 1265.377 GC heap after
Heap after GC invocations=16 (full 4):
 PSYoungGen      total 313344K, used 7116K [0x00000000e0000000, 0x00000000f6c00000, 0x0000000100000000)
  eden space 292864K, 0% used [0x00000000e0000000,0x00000000e0000000,0x00000000f1e00000)
  from space 20480K, 34% used [0x00000000f4880000,0x00000000f4f731f8,0x00000000f5c80000)
  to   space 39936K, 0% used [0x00000000f1e00000,0x00000000f1e00000,0x00000000f4500000)
 ParOldGen       total 157184K, used 84331K [0x00000000a0000000, 0x00000000a9980000, 0x00000000e0000000)
  object space 157184K, 53% used [0x00000000a0000000,0x00000000a525ac08,0x00000000a9980000)
 Metaspace       used 66280K, capacity 68176K, committed 68248K, reserved 1107968K
  class space    used 8730K, capacity 9123K, committed 9136K, reserved 1048576K
}
Event: 1276.612 GC heap before
{Heap before GC invocations=17 (full 4):
 PSYoungGen      total 313344K, used 299980K [0x00000000e0000000, 0x00000000f6c00000, 0x0000000100000000)
  eden space 292864K, 100% used [0x00000000e0000000,0x00000000f1e00000,0x00000000f1e00000)
  from space 20480K, 34% used [0x00000000f4880000,0x00000000f4f731f8,0x00000000f5c80000)
  to   space 39936K, 0% used [0x00000000f1e00000,0x00000000f1e00000,0x00000000f4500000)
 ParOldGen       total 157184K, used 84331K [0x00000000a0000000, 0x00000000a9980000, 0x00000000e0000000)
  object space 157184K, 53% used [0x00000000a0000000,0x00000000a525ac08,0x00000000a9980000)
 Metaspace       used 71459K, capacity 73520K, committed 73752K, reserved 1114112K
  class space    used 9313K, capacity 9753K, committed 9776K, reserved 1048576K
Event: 1276.846 GC heap after
Heap after GC invocations=17 (full 4):
 PSYoungGen      total 332800K, used 39907K [0x00000000e0000000, 0x00000000ff780000, 0x0000000100000000)
  eden space 292864K, 0% used [0x00000000e0000000,0x00000000e0000000,0x00000000f1e00000)
  from space 39936K, 99% used [0x00000000f1e00000,0x00000000f44f8c28,0x00000000f4500000)
  to   space 62464K, 0% used [0x00000000fba80000,0x00000000fba80000,0x00000000ff780000)
 ParOldGen       total 157184K, used 126131K [0x00000000a0000000, 0x00000000a9980000, 0x00000000e0000000)
  object space 157184K, 80% used [0x00000000a0000000,0x00000000a7b2cfa8,0x00000000a9980000)
 Metaspace       used 71459K, capacity 73520K, committed 73752K, reserved 1114112K
  class space    used 9313K, capacity 9753K, committed 9776K, reserved 1048576K
}
Event: 1276.846 GC heap before
{Heap before GC invocations=18 (full 5):
 PSYoungGen      total 332800K, used 39907K [0x00000000e0000000, 0x00000000ff780000, 0x0000000100000000)
  eden space 292864K, 0% used [0x00000000e0000000,0x00000000e0000000,0x00000000f1e00000)
  from space 39936K, 99% used [0x00000000f1e00000,0x00000000f44f8c28,0x00000000f4500000)
  to   space 62464K, 0% used [0x00000000fba80000,0x00000000fba80000,0x00000000ff780000)
 ParOldGen       total 157184K, used 126131K [0x00000000a0000000, 0x00000000a9980000, 0x00000000e0000000)
  object space 157184K, 80% used [0x00000000a0000000,0x00000000a7b2cfa8,0x00000000a9980000)
 Metaspace       used 71459K, capacity 73520K, committed 73752K, reserved 1114112K
  class space    used 9313K, capacity 9753K, committed 9776K, reserved 1048576K
Event: 1277.571 GC heap after
Heap after GC invocations=18 (full 5):
 PSYoungGen      total 332800K, used 2353K [0x00000000e0000000, 0x00000000ff780000, 0x0000000100000000)
  eden space 292864K, 0% used [0x00000000e0000000,0x00000000e0000000,0x00000000f1e00000)
  from space 39936K, 5% used [0x00000000f1e00000,0x00000000f204c4a0,0x00000000f4500000)
  to   space 62464K, 0% used [0x00000000fba80000,0x00000000fba80000,0x00000000ff780000)
 ParOldGen       total 250880K, used 157002K [0x00000000a0000000, 0x00000000af500000, 0x00000000e0000000)
  object space 250880K, 62% used [0x00000000a0000000,0x00000000a9952bd8,0x00000000af500000)
 Metaspace       used 71459K, capacity 73520K, committed 73752K, reserved 1114112K
  class space    used 9313K, capacity 9753K, committed 9776K, reserved 1048576K
}
Event: 1764.976 GC heap before
{Heap before GC invocations=19 (full 5):
 PSYoungGen      total 332800K, used 295217K [0x00000000e0000000, 0x00000000ff780000, 0x0000000100000000)
  eden space 292864K, 100% used [0x00000000e0000000,0x00000000f1e00000,0x00000000f1e00000)
  from space 39936K, 5% used [0x00000000f1e00000,0x00000000f204c4a0,0x00000000f4500000)
  to   space 62464K, 0% used [0x00000000fba80000,0x00000000fba80000,0x00000000ff780000)
 ParOldGen       total 250880K, used 157002K [0x00000000a0000000, 0x00000000af500000, 0x00000000e0000000)
  object space 250880K, 62% used [0x00000000a0000000,0x00000000a9952bd8,0x00000000af500000)
 Metaspace       used 74194K, capacity 76532K, committed 76824K, reserved 1116160K
  class space    used 9552K, capacity 9993K, committed 10032K, reserved 1048576K
Event: 1765.315 GC heap after
Heap after GC invocations=19 (full 5):
 PSYoungGen      total 420864K, used 62458K [0x00000000e0000000, 0x00000000ff780000, 0x0000000100000000)
  eden space 358400K, 0% used [0x00000000e0000000,0x00000000e0000000,0x00000000f5e00000)
  from space 62464K, 99% used [0x00000000fba80000,0x00000000ff77e988,0x00000000ff780000)
  to   space 76800K, 0% used [0x00000000f6180000,0x00000000f6180000,0x00000000fac80000)
 ParOldGen       total 250880K, used 164452K [0x00000000a0000000, 0x00000000af500000, 0x00000000e0000000)
  object space 250880K, 65% used [0x00000000a0000000,0x00000000aa0990c0,0x00000000af500000)
 Metaspace       used 74194K, capacity 76532K, committed 76824K, reserved 1116160K
  class space    used 9552K, capacity 9993K, committed 10032K, reserved 1048576K
}
Event: 2012.127 GC heap before
{Heap before GC invocations=20 (full 5):
 PSYoungGen      total 420864K, used 420858K [0x00000000e0000000, 0x00000000ff780000, 0x0000000100000000)
  eden space 358400K, 100% used [0x00000000e0000000,0x00000000f5e00000,0x00000000f5e00000)
  from space 62464K, 99% used [0x00000000fba80000,0x00000000ff77e988,0x00000000ff780000)
  to   space 76800K, 0% used [0x00000000f6180000,0x00000000f6180000,0x00000000fac80000)
 ParOldGen       total 250880K, used 164452K [0x00000000a0000000, 0x00000000af500000, 0x00000000e0000000)
  object space 250880K, 65% used [0x00000000a0000000,0x00000000aa0990c0,0x00000000af500000)
 Metaspace       used 82599K, capacity 85480K, committed 85784K, reserved 1124352K
  class space    used 10652K, capacity 11187K, committed 11312K, reserved 1048576K
Event: 2012.564 GC heap after
Heap after GC invocations=20 (full 5):
 PSYoungGen      total 430080K, used 67594K [0x00000000e0000000, 0x0000000100000000, 0x0000000100000000)
  eden space 361984K, 0% used [0x00000000e0000000,0x00000000e0000000,0x00000000f6180000)
  from space 68096K, 99% used [0x00000000f6180000,0x00000000fa382bd8,0x00000000fa400000)
  to   space 87040K, 0% used [0x00000000fab00000,0x00000000fab00000,0x0000000100000000)
 ParOldGen       total 250880K, used 220379K [0x00000000a0000000, 0x00000000af500000, 0x00000000e0000000)
  object space 250880K, 87% used [0x00000000a0000000,0x00000000ad736ea8,0x00000000af500000)
 Metaspace       used 82599K, capacity 85480K, committed 85784K, reserved 1124352K
  class space    used 10652K, capacity 11187K, committed 11312K, reserved 1048576K
}
Event: 2012.668 GC heap before
{Heap before GC invocations=21 (full 6):
 PSYoungGen      total 430080K, used 67594K [0x00000000e0000000, 0x0000000100000000, 0x0000000100000000)
  eden space 361984K, 0% used [0x00000000e0000000,0x00000000e0000000,0x00000000f6180000)
  from space 68096K, 99% used [0x00000000f6180000,0x00000000fa382bd8,0x00000000fa400000)
  to   space 87040K, 0% used [0x00000000fab00000,0x00000000fab00000,0x0000000100000000)
 ParOldGen       total 250880K, used 220379K [0x00000000a0000000, 0x00000000af500000, 0x00000000e0000000)
  object space 250880K, 87% used [0x00000000a0000000,0x00000000ad736ea8,0x00000000af500000)
 Metaspace       used 82599K, capacity 85480K, committed 85784K, reserved 1124352K
  class space    used 10652K, capacity 11187K, committed 11312K, reserved 1048576K

